INFO [2018-10-10 12:11:01] [[1]]
INFO [2018-10-10 12:11:01] list(aa = aa, bb = bb, cc = cc)
INFO [2018-10-10 12:11:01] 
INFO [2018-10-10 12:11:01] $margin
INFO [2018-10-10 12:11:01] [1] 0.25
INFO [2018-10-10 12:11:01] 
INFO [2018-10-10 12:11:01] $height
INFO [2018-10-10 12:11:01] [1] 800
INFO [2018-10-10 12:11:01] 
INFO [2018-10-10 12:11:01] $width
INFO [2018-10-10 12:11:01] [1] 800
INFO [2018-10-10 12:11:01] 
INFO [2018-10-10 12:11:01] $resolution
INFO [2018-10-10 12:11:01] [1] 200
INFO [2018-10-10 12:11:01] 
INFO [2018-10-10 12:11:01] $units
INFO [2018-10-10 12:11:01] [1] "px"
INFO [2018-10-10 12:11:01] 
INFO [2018-10-10 12:11:01] $lwd
INFO [2018-10-10 12:11:01] [1] 1
INFO [2018-10-10 12:11:01] 
INFO [2018-10-10 12:11:01] $fill
INFO [2018-10-10 12:11:01] c("cornflowerblue", "green", "yellow")
INFO [2018-10-10 12:11:01] 
INFO [2018-10-10 12:11:01] $cex
INFO [2018-10-10 12:11:01] [1] 0.7
INFO [2018-10-10 12:11:01] 
INFO [2018-10-10 12:11:01] $cat.cex
INFO [2018-10-10 12:11:01] [1] 0.9
INFO [2018-10-10 12:11:01] 
INFO [2018-10-10 12:11:01] $scaled
INFO [2018-10-10 12:11:01] [1] 0
INFO [2018-10-10 12:11:01] 
INFO [2018-10-10 12:11:01] [[12]]
INFO [2018-10-10 12:11:01] 
INFO [2018-10-10 12:11:01] 
INFO [2018-10-10 12:11:01] $category.name
INFO [2018-10-10 12:11:01] c("1", "2", "3")
INFO [2018-10-10 12:11:01] 
INFO [2018-10-10 12:11:01] $filename
INFO [2018-10-10 12:11:01] [1] "venn.png"
INFO [2018-10-10 12:11:01] 
INFO [2018-10-10 12:11:01] $cat.dist
INFO [2018-10-10 12:11:01] c(0.12, 0.12, 0.07)
INFO [2018-10-10 12:11:01] 
INFO [2018-10-10 12:11:01] $imagetype
INFO [2018-10-10 12:11:01] [1] "png"
INFO [2018-10-10 12:11:01] 
