INFO [2018-10-10 12:11:04] [[1]]
INFO [2018-10-10 12:11:04] list(aa = aa, bb = bb, cc = cc)
INFO [2018-10-10 12:11:04] 
INFO [2018-10-10 12:11:04] $margin
INFO [2018-10-10 12:11:04] [1] 0.25
INFO [2018-10-10 12:11:04] 
INFO [2018-10-10 12:11:04] $height
INFO [2018-10-10 12:11:04] 800/200
INFO [2018-10-10 12:11:04] 
INFO [2018-10-10 12:11:04] $width
INFO [2018-10-10 12:11:04] 800/200
INFO [2018-10-10 12:11:04] 
INFO [2018-10-10 12:11:04] $resolution
INFO [2018-10-10 12:11:04] [1] 200
INFO [2018-10-10 12:11:04] 
INFO [2018-10-10 12:11:04] $units
INFO [2018-10-10 12:11:04] [1] "px"
INFO [2018-10-10 12:11:04] 
INFO [2018-10-10 12:11:04] $lwd
INFO [2018-10-10 12:11:04] [1] 1
INFO [2018-10-10 12:11:04] 
INFO [2018-10-10 12:11:04] $fill
INFO [2018-10-10 12:11:04] c("cornflowerblue", "green", "yellow")
INFO [2018-10-10 12:11:04] 
INFO [2018-10-10 12:11:04] $cex
INFO [2018-10-10 12:11:04] [1] 0.7
INFO [2018-10-10 12:11:04] 
INFO [2018-10-10 12:11:04] $cat.cex
INFO [2018-10-10 12:11:04] [1] 0.9
INFO [2018-10-10 12:11:04] 
INFO [2018-10-10 12:11:04] $scaled
INFO [2018-10-10 12:11:04] [1] 0
INFO [2018-10-10 12:11:04] 
INFO [2018-10-10 12:11:04] [[12]]
INFO [2018-10-10 12:11:04] 
INFO [2018-10-10 12:11:04] 
INFO [2018-10-10 12:11:04] $category.name
INFO [2018-10-10 12:11:04] c("1", "2", "3")
INFO [2018-10-10 12:11:04] 
INFO [2018-10-10 12:11:04] $filename
INFO [2018-10-10 12:11:04] [1] "venn.svg"
INFO [2018-10-10 12:11:04] 
INFO [2018-10-10 12:11:04] $cat.dist
INFO [2018-10-10 12:11:04] c(0.12, 0.12, 0.07)
INFO [2018-10-10 12:11:04] 
INFO [2018-10-10 12:11:04] $imagetype
INFO [2018-10-10 12:11:04] [1] "svg"
INFO [2018-10-10 12:11:04] 
